<?xml version="1.0" encoding="UTF-8"?>
<!-- Generated by org.testng.reporters.JUnitReportReporter -->
<testsuite hostname="Tanias-MacBook-Pro.local" failures="0" tests="1" name="com.Facebook.Rough.Welcom" time="0.018" errors="0" timestamp="2021-06-08T22:31:42 CDT" skipped="0">
  <testcase classname="com.Facebook.Rough.Welcom" name="welcomeTest" time="0.018"/>
</testsuite> <!-- com.Facebook.Rough.Welcom -->
